0	1	mikroc8051.exe -MSF -DBG -pAT89S8252 -ES -DL -O11111114 -fo10 -N"D:\Downloads\Source code\Svetofor_avtomat\Svetofor.mcp51" -SP"C:\Users\Public\Documents\Mikroelektronika\mikroC PRO for 8051\defs\" -SP"D:\Downloads\Source code\Svetofor_avtomat\" -SP"C:\Users\Public\Documents\Mikroelektronika\mikroC PRO for 8051\Uses\ATMEL\" -SP"C:\Alex\›¬Ã\—¿œ–\Svetofor_avtomat\" -IP"C:\Alex\›¬Ã\—¿œ–\Svetofor_avtomat\" -IP"D:\Downloads\Source code\Svetofor_avtomat\" "Svetofor.c" "Drv.c" "Temperature.c" "__Lib_Math.mcl" "__Lib_MathDouble.mcl" "__Lib_System.mcl" "__Lib_Delays.mcl" "__Lib_EEPROM_rw.mcl" "__Lib_SPI_SPCR.mcl" "__Lib_UART_Timer1.mcl" "__Lib_CType.mcl" "__Lib_CString.mcl" "__Lib_CStdlib.mcl" "__Lib_CMath.mcl" "__Lib_Conversions.mcl" "__Lib_Sprintf.mcl" "__Lib_PrintOut.mcl" "__Lib_Sprinti.mcl" "__Lib_Sprintl.mcl" "__Lib_Time.mcl" "__Lib_Trigonometry.mcl" "__Lib_Button.mcl" "__Lib_Keypad4x4.mcl" "__Lib_Manchester.mcl" "__Lib_OneWire.mcl" "__Lib_PS2.mcl" "__Lib_Sound.mcl" "__Lib_SoftI2C.mcl" "__Lib_SoftSPI.mcl" "__Lib_SoftUART.mcl" "__Lib_PortExpander.mcl" "__Lib_CANSPI.mcl" "__Lib_GlcdFonts.mcl" "__Lib_Glcd.mcl" "__Lib_LcdConsts.mcl" "__Lib_Lcd.mcl" "__Lib_RS485.mcl" "__Lib_T6963C.mcl" "__Lib_SPIGlcd.mcl" "__Lib_SPILcd.mcl" "__Lib_SPILcd8.mcl" "__Lib_SPIT6963C.mcl" "__Lib_EthEnc28j60.mcl"	 
warning: 0	1501	Specified search path does not exist: 'C:\Alex\›¬Ã\—¿œ–\Svetofor_avtomat'	 
warning: 0	1502	Specified include path does not exist: 'C:\Alex\›¬Ã\—¿œ–\Svetofor_avtomat'	 
diagnostics: 0	122	Compilation Started	drv.h
hint: 0	1004	interrupt handler (Timer1InterruptHandler at 0x001B)	Svetofor.c
hint: 0	1004	interrupt handler (INT0_Interrupt at 0x0003)	Svetofor.c
diagnostics: 153	123	Compiled Successfully	Svetofor.c
diagnostics: 0	122	Compilation Started	drv.h
diagnostics: 203	123	Compiled Successfully	Drv.c
diagnostics: 0	122	Compilation Started	temperature.h
diagnostics: 101	123	Compiled Successfully	Temperature.c
hint: 35	1164	Variable 'tmp_c' has been eliminated by optimizer	Temperature.c
hint: 60	1164	Variable 'd' has been eliminated by optimizer	Temperature.c
hint: 88	1164	Variable 'tmp' has been eliminated by optimizer	Temperature.c
diagnostics: 0	127	All files Compiled in 312 ms	 
hint: 0	1144	Used BDATA RAM (bytes): 0 (1%) Free BDATA RAM (bytes): 16 (99%)	Used BDATA RAM (bytes): 0 (1%) Free BDATA RAM (bytes): 16 (99%)
hint: 0	1144	Used DATA RAM (bytes): 16 (15%) Free DATA RAM (bytes): 88 (85%)	Used DATA RAM (bytes): 16 (15%) Free DATA RAM (bytes): 88 (85%)
hint: 0	1144	Used IDATA RAM (bytes): 0 (1%) Free IDATA RAM (bytes): 128 (99%)	Used IDATA RAM (bytes): 0 (1%) Free IDATA RAM (bytes): 128 (99%)
hint: 0	1144	Used ROM (bytes): 1425 (17%)  Free ROM (bytes): 6767 (83%)	Used ROM (bytes): 1425 (17%)  Free ROM (bytes): 6767 (83%)
diagnostics: 0	125	Project Linked Successfully	Svetofor.mcp51
diagnostics: 0	128	Linked in 203 ms	 
diagnostics: 0	129	Project 'Svetofor.mcp51' completed: 562 ms	 
diagnostics: 0	103	Finished successfully: 06 ÙÂ‚ 2021, 15:58:30	Svetofor.mcp51
